[NX v22.0.2 Daemon Server] - 2025-10-29T22:41:07.056Z - Started listening on: \\.\pipe\nx\C:\Users\VAIO\AppData\Local\Temp\6edd24d3233e7d6397c4\d.sock
[NX v22.0.2 Daemon Server] - 2025-10-29T22:41:07.081Z - [WATCHER]: Subscribed to changes within: C:\Users\VAIO\apps\aaa-proyectos-propios\___napoli-monorepo\napoli-monorepo (native)
[NX v22.0.2 Daemon Server] - 2025-10-29T22:41:07.087Z - Established a connection. Number of open connections: 1
[NX v22.0.2 Daemon Server] - 2025-10-29T22:41:07.090Z - Established a connection. Number of open connections: 2
[NX v22.0.2 Daemon Server] - 2025-10-29T22:41:07.096Z - Closed a connection. Number of open connections: 1
[NX v22.0.2 Daemon Server] - 2025-10-29T22:41:07.120Z - [REQUEST]: Client Request for Project Graph Received
Time for 'plugin worker 8080 code loading' 32.074600000000004
Time for 'plugin worker 13704 code loading' 47.56960000000001
Time for 'plugin worker 13080 code loading' 29.89630000000001
Time for 'plugin worker 13624 code loading' 24.361400000000003
Time for 'plugin worker 6352 code loading' 139.8551
Time for 'plugin worker 7512 code loading' 66.66290000000004
Time for 'plugin worker 14840 code loading' 74.87259999999998
Time for 'plugin worker 10316 code loading' 86.85750000000002
[NX v22.0.2 Daemon Server] - 2025-10-29T22:41:11.035Z - Time taken for 'Load Nx Plugin: C:\Users\VAIO\apps\aaa-proyectos-propios\___napoli-monorepo\napoli-monorepo\node_modules\.pnpm\nx@22.0.2_@swc-node+registe_abfd5ce0eef9959838860cb452295f76\node_modules\nx\src\plugins\project-json\build-nodes\project-json' 3859.0759000000003ms
[NX v22.0.2 Daemon Server] - 2025-10-29T22:41:11.234Z - Time taken for 'Load Nx Plugin: C:\Users\VAIO\apps\aaa-proyectos-propios\___napoli-monorepo\napoli-monorepo\node_modules\.pnpm\nx@22.0.2_@swc-node+registe_abfd5ce0eef9959838860cb452295f76\node_modules\nx\src\plugins\package-json' 4062.2297999999996ms
[NX v22.0.2 Daemon Server] - 2025-10-29T22:41:11.335Z - Time taken for 'loadDefaultNxPlugins' 4164.8906ms
[NX v22.0.2 Daemon Server] - 2025-10-29T22:41:11.816Z - Time taken for 'Load Nx Plugin: @nx/js/typescript' 4690.5405ms
[NX v22.0.2 Daemon Server] - 2025-10-29T22:41:11.891Z - Time taken for 'Load Nx Plugin: @nx/jest/plugin' 4729.3206ms
[NX v22.0.2 Daemon Server] - 2025-10-29T22:41:12.081Z - Time taken for 'Load Nx Plugin: @nx/next/plugin' 4944.3357ms
[NX v22.0.2 Daemon Server] - 2025-10-29T22:41:12.083Z - Time taken for 'Load Nx Plugin: @nx/playwright/plugin' 4938.064899999999ms
[NX v22.0.2 Daemon Server] - 2025-10-29T22:41:12.179Z - [REQUEST]: Updated workspace context based on watched changes, recomputing project graph...
[NX v22.0.2 Daemon Server] - 2025-10-29T22:41:12.180Z - [REQUEST]: 
[NX v22.0.2 Daemon Server] - 2025-10-29T22:41:12.180Z - [REQUEST]: 
[NX v22.0.2 Daemon Server] - 2025-10-29T22:41:12.185Z - No files changed, but no in-memory cached project graph found. Recomputing it...
Time for 'nx/core/project-json:createNodes' 2.041400000000067
[NX v22.0.2 Daemon Server] - 2025-10-29T22:41:12.240Z - Time taken for 'loadSpecifiedNxPlugins' 5052.9692000000005ms
[NX v22.0.2 Daemon Server] - 2025-10-29T22:41:12.241Z - Established a connection. Number of open connections: 2
[NX v22.0.2 Daemon Server] - 2025-10-29T22:41:12.243Z - Established a connection. Number of open connections: 3
[NX v22.0.2 Daemon Server] - 2025-10-29T22:41:12.243Z - Established a connection. Number of open connections: 4
[NX v22.0.2 Daemon Server] - 2025-10-29T22:41:12.244Z - Established a connection. Number of open connections: 5
[NX v22.0.2 Daemon Server] - 2025-10-29T22:41:12.249Z - Closed a connection. Number of open connections: 4
[NX v22.0.2 Daemon Server] - 2025-10-29T22:41:12.250Z - Closed a connection. Number of open connections: 3
[NX v22.0.2 Daemon Server] - 2025-10-29T22:41:12.250Z - Closed a connection. Number of open connections: 2
Time for 'nx/core/package-json:createNodes' 20.66989999999987
[NX v22.0.2 Daemon Server] - 2025-10-29T22:41:12.273Z - [REQUEST]: Responding to the client. handleHashGlob
[NX v22.0.2 Daemon Server] - 2025-10-29T22:41:12.277Z - Established a connection. Number of open connections: 3
[NX v22.0.2 Daemon Server] - 2025-10-29T22:41:12.278Z - Closed a connection. Number of open connections: 2
[NX v22.0.2 Daemon Server] - 2025-10-29T22:41:12.279Z - Established a connection. Number of open connections: 3
[NX v22.0.2 Daemon Server] - 2025-10-29T22:41:12.281Z - Established a connection. Number of open connections: 4
[NX v22.0.2 Daemon Server] - 2025-10-29T22:41:12.282Z - Done responding to the client handleHashGlob
[NX v22.0.2 Daemon Server] - 2025-10-29T22:41:12.282Z - Handled json message HASH_GLOB. Handling time: 19. Response time: 10.
[NX v22.0.2 Daemon Server] - 2025-10-29T22:41:12.316Z - [REQUEST]: Responding to the client. handleHashMultiGlob
[NX v22.0.2 Daemon Server] - 2025-10-29T22:41:12.350Z - [REQUEST]: Responding to the client. handleHashGlob
[NX v22.0.2 Daemon Server] - 2025-10-29T22:41:12.384Z - Established a connection. Number of open connections: 5
[NX v22.0.2 Daemon Server] - 2025-10-29T22:41:12.384Z - Done responding to the client handleHashMultiGlob
[NX v22.0.2 Daemon Server] - 2025-10-29T22:41:12.385Z - Handled json message HASH_GLOB. Handling time: 31. Response time: 69.
[NX v22.0.2 Daemon Server] - 2025-10-29T22:41:12.385Z - Done responding to the client handleHashGlob
[NX v22.0.2 Daemon Server] - 2025-10-29T22:41:12.385Z - Handled json message HASH_GLOB. Handling time: 17. Response time: 35.
[NX v22.0.2 Daemon Server] - 2025-10-29T22:41:12.391Z - [REQUEST]: Responding to the client. handleGlob
[NX v22.0.2 Daemon Server] - 2025-10-29T22:41:12.392Z - Done responding to the client handleGlob
[NX v22.0.2 Daemon Server] - 2025-10-29T22:41:12.392Z - Handled json message GLOB. Handling time: 2. Response time: 1.
Time for 'total for sendMessageToDaemon()' 159.91489999999976
Time for 'deserialize daemon response' 0.22860000000036962
Time for 'total for sendMessageToDaemon()' 93.82839999999942
Time for 'deserialize daemon response' 0.30749999999989086
[NX v22.0.2 Daemon Server] - 2025-10-29T22:41:12.474Z - [REQUEST]: Responding to the client. handleHashMultiGlob
[NX v22.0.2 Daemon Server] - 2025-10-29T22:41:12.475Z - Done responding to the client handleHashMultiGlob
[NX v22.0.2 Daemon Server] - 2025-10-29T22:41:12.475Z - Handled json message HASH_GLOB. Handling time: 72. Response time: 1.
Time for '@nx/js/typescript:createNodes' 1187.0468
Time for 'nx/js/dependencies-and-lockfile:createNodes' 1190.9975000000004
[33mConvert compiler options from json failed, No inputs were found in config file 'tsconfig.json'. Specified 'include' paths were '["jest.config.ts","src/**/*.test.ts","src/**/*.spec.ts","src/**/*.test.tsx","src/**/*.spec.tsx","src/**/*.test.js","src/**/*.spec.js","src/**/*.test.jsx","src/**/*.spec.jsx","src/**/*.d.ts"]' and 'exclude' paths were '["node_modules","jest.config.ts","**/*.spec.ts","**/*.test.ts","src/**/*.spec.ts","src/**/*.test.ts"]'.[39m
Time for 'total for sendMessageToDaemon()' 77.04999999999927
Time for 'deserialize daemon response' 0.06179999999949359
Time for '@nx/next/plugin:createNodes' 2931.4216000000006
Time for '@nx/jest/plugin:createNodes' 4333.7036
Time for 'total for sendMessageToDaemon()' 63.86149999999998
Time for 'deserialize daemon response' 0.27220000000033906
Time for '@nx/eslint/plugin:createNodes' 4375.483500000001
Time for 'total for sendMessageToDaemon()' 58.36790000000019
Time for 'deserialize daemon response' 0.19800000000032014
[NX v22.0.2 Daemon Server] - 2025-10-29T22:41:17.284Z - [REQUEST]: Responding to the client. handleNxWorkspaceFiles
[NX v22.0.2 Daemon Server] - 2025-10-29T22:41:17.284Z - Done responding to the client handleNxWorkspaceFiles
[NX v22.0.2 Daemon Server] - 2025-10-29T22:41:17.284Z - Handled json message GET_FILES_IN_DIRECTORY. Handling time: 1. Response time: 0.
Time for '@nx/playwright/plugin:createNodes' 5109.107799999999
Time for 'total for sendMessageToDaemon()' 42.60649999999987
Time for 'deserialize daemon response' 0.09859999999935098
[NX v22.0.2 Daemon Server] - 2025-10-29T22:41:17.387Z - Time taken for 'build-project-configs' 5150.4177ms
[NX v22.0.2 Daemon Server] - 2025-10-29T22:41:17.390Z - Time taken for '@nx/js/typescript:createDependencies' 14.410400000000664ms
Time for 'build typescript dependencies' 132.41700000000128
[NX v22.0.2 Daemon Server] - 2025-10-29T22:41:17.619Z - [SYNC]: collect registered sync generators
[NX v22.0.2 Daemon Server] - 2025-10-29T22:41:17.621Z - [SYNC]: scheduling: ["@nx/js:typescript-sync"]
[NX v22.0.2 Daemon Server] - 2025-10-29T22:41:17.647Z - Wrote project graph cache to C:\Users\VAIO\apps\aaa-proyectos-propios\___napoli-monorepo\napoli-monorepo\.nx\workspace-data\project-graph.json
[NX v22.0.2 Daemon Server] - 2025-10-29T22:41:17.647Z - [REQUEST]: Responding to the client. project-graph
[NX v22.0.2 Daemon Server] - 2025-10-29T22:41:17.650Z - Time taken for 'total for creating and serializing project graph' 10527.1015ms
[NX v22.0.2 Daemon Server] - 2025-10-29T22:41:17.651Z - Done responding to the client project-graph
[NX v22.0.2 Daemon Server] - 2025-10-29T22:41:17.652Z - Handled json message REQUEST_PROJECT_GRAPH. Handling time: 10527. Response time: 5.
[NX v22.0.2 Daemon Server] - 2025-10-29T22:41:17.672Z - [SYNC]: get registered sync generators
[NX v22.0.2 Daemon Server] - 2025-10-29T22:41:17.672Z - [SYNC]: registered sync generators already collected, returning them
[NX v22.0.2 Daemon Server] - 2025-10-29T22:41:17.672Z - [REQUEST]: Responding to the client. handleGetSyncGeneratorChanges
[NX v22.0.2 Daemon Server] - 2025-10-29T22:41:17.673Z - Done responding to the client handleGetSyncGeneratorChanges
[NX v22.0.2 Daemon Server] - 2025-10-29T22:41:17.673Z - Handled json message GET_REGISTERED_SYNC_GENERATORS. Handling time: 0. Response time: 1.
[NX v22.0.2 Daemon Server] - 2025-10-29T22:41:17.676Z - [SYNC]: get sync generators changes on demand ["@nx/js:typescript-sync"]
[NX v22.0.2 Daemon Server] - 2025-10-29T22:41:17.676Z - [SYNC]: clearing scheduled run
[NX v22.0.2 Daemon Server] - 2025-10-29T22:41:17.677Z - Reusing in-memory cached project graph because no files changed.
[NX v22.0.2 Daemon Server] - 2025-10-29T22:41:17.712Z - Wrote project graph cache to C:\Users\VAIO\apps\aaa-proyectos-propios\___napoli-monorepo\napoli-monorepo\.nx\workspace-data\project-graph.json
[NX v22.0.2 Daemon Server] - 2025-10-29T22:41:17.713Z - [SYNC]: @nx/js:typescript-sync already scheduled or not cached, running it now
[NX v22.0.2 Daemon Server] - 2025-10-29T22:41:17.713Z - [SYNC]: running scheduled generator @nx/js:typescript-sync
[NX v22.0.2 Daemon Server] - 2025-10-29T22:41:18.372Z - Time taken for 'write cache' 34.550600000000486ms
[NX v22.0.2 Daemon Server] - 2025-10-29T22:41:18.373Z - Established a connection. Number of open connections: 6
[NX v22.0.2 Daemon Server] - 2025-10-29T22:41:18.374Z - Established a connection. Number of open connections: 7
[NX v22.0.2 Daemon Server] - 2025-10-29T22:41:18.374Z - Closed a connection. Number of open connections: 6
[NX v22.0.2 Daemon Server] - 2025-10-29T22:41:18.377Z - [REQUEST]: Client Request for Project Graph Received
[NX v22.0.2 Daemon Server] - 2025-10-29T22:41:18.378Z - Reusing in-memory cached project graph because no files changed.
[NX v22.0.2 Daemon Server] - 2025-10-29T22:41:18.401Z - Wrote project graph cache to C:\Users\VAIO\apps\aaa-proyectos-propios\___napoli-monorepo\napoli-monorepo\.nx\workspace-data\project-graph.json
[NX v22.0.2 Daemon Server] - 2025-10-29T22:41:18.402Z - [REQUEST]: Responding to the client. project-graph
[NX v22.0.2 Daemon Server] - 2025-10-29T22:41:18.404Z - Time taken for 'total for creating and serializing project graph' 24.959499999999025ms
[NX v22.0.2 Daemon Server] - 2025-10-29T22:41:18.654Z - Time taken for 'create-project-graph-async' 50.854700000001685ms
[NX v22.0.2 Daemon Server] - 2025-10-29T22:41:18.654Z - Done responding to the client project-graph
[NX v22.0.2 Daemon Server] - 2025-10-29T22:41:18.655Z - Handled json message REQUEST_PROJECT_GRAPH. Handling time: 25. Response time: 253.
[NX v22.0.2 Daemon Server] - 2025-10-29T22:41:18.805Z - [SYNC]: @nx/js:typescript-sync changes: tsconfig.json
[NX v22.0.2 Daemon Server] - 2025-10-29T22:41:18.806Z - [REQUEST]: Responding to the client. handleGetSyncGeneratorChanges
[NX v22.0.2 Daemon Server] - 2025-10-29T22:41:18.806Z - Time taken for 'run-sync-generator:@nx/js:typescript-sync' 1091.5440999999992ms
[NX v22.0.2 Daemon Server] - 2025-10-29T22:41:18.807Z - Done responding to the client handleGetSyncGeneratorChanges
[NX v22.0.2 Daemon Server] - 2025-10-29T22:41:18.807Z - Handled json message GET_SYNC_GENERATOR_CHANGES. Handling time: 1130. Response time: 1.
[NX v22.0.2 Daemon Server] - 2025-10-29T22:41:18.812Z - [SYNC]: flush sync generators changes ["@nx/js:typescript-sync"]
[NX v22.0.2 Daemon Server] - 2025-10-29T22:41:18.812Z - [SYNC]: get sync generators changes on demand ["@nx/js:typescript-sync"]
[NX v22.0.2 Daemon Server] - 2025-10-29T22:41:18.812Z - [SYNC]: @nx/js:typescript-sync not scheduled and has cached result, returning cached result
[NX v22.0.2 Daemon Server] - 2025-10-29T22:41:18.816Z - [REQUEST]: Responding to the client. handleFlushSyncGeneratorChangesToDisk
[NX v22.0.2 Daemon Server] - 2025-10-29T22:41:18.816Z - Time taken for 'flush sync generator changes to disk' 2.5332999999991443ms
[NX v22.0.2 Daemon Server] - 2025-10-29T22:41:18.816Z - Done responding to the client handleFlushSyncGeneratorChangesToDisk
[NX v22.0.2 Daemon Server] - 2025-10-29T22:41:18.816Z - Handled json message CLEAR_CACHED_SYNC_GENERATOR_CHANGES. Handling time: 3. Response time: 1.
[NX v22.0.2 Daemon Server] - 2025-10-29T22:41:18.824Z - Closed a connection. Number of open connections: 5
[NX v22.0.2 Daemon Server] - 2025-10-29T22:41:18.871Z - [WATCHER]: tsconfig.json was modified
[NX v22.0.2 Daemon Server] - 2025-10-29T22:41:18.872Z - [WATCHER]: Processing file changes in outputs
[NX v22.0.2 Daemon Server] - 2025-10-29T22:41:18.931Z - [REQUEST]: Updated workspace context based on watched changes, recomputing project graph...
[NX v22.0.2 Daemon Server] - 2025-10-29T22:41:18.931Z - [REQUEST]: tsconfig.json
[NX v22.0.2 Daemon Server] - 2025-10-29T22:41:18.931Z - [REQUEST]: 
Time for 'nx/core/project-json:createNodes' 1.2735000000011496
Time for 'nx/core/package-json:createNodes' 5.758899999998903
Time for '@nx/js/typescript:createNodes' 20.987099999998463
[NX v22.0.2 Daemon Server] - 2025-10-29T22:41:18.962Z - [REQUEST]: Responding to the client. handleHashGlob
Time for '@nx/playwright/plugin:createNodes' 26.28650000000016
Time for 'total for sendMessageToDaemon()' 19.765000000001237
Time for 'deserialize daemon response' 0.0488999999997759
[NX v22.0.2 Daemon Server] - 2025-10-29T22:41:18.971Z - [REQUEST]: Responding to the client. handleHashGlob
Time for '@nx/next/plugin:createNodes' 36.35139999999956
Time for 'total for sendMessageToDaemon()' 23.823300000000017
Time for 'deserialize daemon response' 0.05849999999918509
[NX v22.0.2 Daemon Server] - 2025-10-29T22:41:18.978Z - [REQUEST]: Responding to the client. handleGlob
Time for 'nx/js/dependencies-and-lockfile:createNodes' 21.22400000000016
[NX v22.0.2 Daemon Server] - 2025-10-29T22:41:18.981Z - Time taken for 'hash changed files from watcher' 0.5200000000004366ms
Time for 'total for sendMessageToDaemon()' 29.24279999999999
Time for 'deserialize daemon response' 0.06570000000101572
[NX v22.0.2 Daemon Server] - 2025-10-29T22:41:18.984Z - Done responding to the client handleHashGlob
[NX v22.0.2 Daemon Server] - 2025-10-29T22:41:18.985Z - Handled json message HASH_GLOB. Handling time: 2. Response time: 23.
[NX v22.0.2 Daemon Server] - 2025-10-29T22:41:18.985Z - Done responding to the client handleHashGlob
[NX v22.0.2 Daemon Server] - 2025-10-29T22:41:18.986Z - Handled json message HASH_GLOB. Handling time: 6. Response time: 15.
[NX v22.0.2 Daemon Server] - 2025-10-29T22:41:18.998Z - Done responding to the client handleGlob
[NX v22.0.2 Daemon Server] - 2025-10-29T22:41:18.998Z - Handled json message GLOB. Handling time: 4. Response time: 20.
[NX v22.0.2 Daemon Server] - 2025-10-29T22:41:19.003Z - [REQUEST]: Responding to the client. handleHashMultiGlob
Time for 'total for sendMessageToDaemon()' 22.72440000000097
[NX v22.0.2 Daemon Server] - 2025-10-29T22:41:19.008Z - [REQUEST]: Responding to the client. handleHashMultiGlob
Time for 'deserialize daemon response' 0.058700000001408625
[NX v22.0.2 Daemon Server] - 2025-10-29T22:41:19.012Z - Done responding to the client handleHashMultiGlob
[NX v22.0.2 Daemon Server] - 2025-10-29T22:41:19.012Z - Handled json message HASH_GLOB. Handling time: 2. Response time: 9.
[NX v22.0.2 Daemon Server] - 2025-10-29T22:41:19.012Z - Done responding to the client handleHashMultiGlob
[NX v22.0.2 Daemon Server] - 2025-10-29T22:41:19.012Z - Handled json message HASH_GLOB. Handling time: 1. Response time: 4.
Time for '@nx/jest/plugin:createNodes' 63.389100000000326
Time for 'total for sendMessageToDaemon()' 23.542199999999866
Time for 'deserialize daemon response' 0.05639999999948486
Time for '@nx/eslint/plugin:createNodes' 75.54520000000048
[NX v22.0.2 Daemon Server] - 2025-10-29T22:41:19.054Z - Time taken for 'build-project-configs' 94.28930000000037ms
[NX v22.0.2 Daemon Server] - 2025-10-29T22:41:19.060Z - Time taken for '@nx/js/typescript:createDependencies' 16.09140000000116ms
Time for 'build typescript dependencies' 0.1643000000003667
[NX v22.0.2 Daemon Server] - 2025-10-29T22:41:19.143Z - [SYNC]: collect registered sync generators
[NX v22.0.2 Daemon Server] - 2025-10-29T22:41:19.145Z - [SYNC]: project graph hash is the same, not collecting task sync generators
[NX v22.0.2 Daemon Server] - 2025-10-29T22:41:19.145Z - [SYNC]: nx.json hash is the same, not collecting global sync generators
[NX v22.0.2 Daemon Server] - 2025-10-29T22:41:19.145Z - [SYNC]: scheduling: ["@nx/js:typescript-sync"]
[NX v22.0.2 Daemon Server] - 2025-10-29T22:41:19.146Z - Time taken for 'total execution time for createProjectGraph()' 98.59480000000076ms
[NX v22.0.2 Daemon Server] - 2025-10-29T22:41:19.256Z - [SYNC]: running scheduled generator @nx/js:typescript-sync
[NX v22.0.2 Daemon Server] - 2025-10-29T22:41:19.274Z - [REQUEST]: Client Request for Project Graph Received
[NX v22.0.2 Daemon Server] - 2025-10-29T22:41:19.277Z - Reusing in-memory cached project graph because no files changed.
[NX v22.0.2 Daemon Server] - 2025-10-29T22:41:19.360Z - Wrote project graph cache to C:\Users\VAIO\apps\aaa-proyectos-propios\___napoli-monorepo\napoli-monorepo\.nx\workspace-data\project-graph.json
[NX v22.0.2 Daemon Server] - 2025-10-29T22:41:19.360Z - [REQUEST]: Responding to the client. project-graph
[NX v22.0.2 Daemon Server] - 2025-10-29T22:41:19.363Z - Time taken for 'total for creating and serializing project graph' 86.46290000000045ms
[NX v22.0.2 Daemon Server] - 2025-10-29T22:41:19.405Z - [SYNC]: @nx/js:typescript-sync changes: 
[NX v22.0.2 Daemon Server] - 2025-10-29T22:41:19.405Z - Time taken for 'run-sync-generator:@nx/js:typescript-sync' 148.0697ms
[NX v22.0.2 Daemon Server] - 2025-10-29T22:41:19.406Z - Done responding to the client project-graph
[NX v22.0.2 Daemon Server] - 2025-10-29T22:41:19.406Z - Handled json message REQUEST_PROJECT_GRAPH. Handling time: 86. Response time: 46.
[NX v22.0.2 Daemon Server] - 2025-10-29T22:41:29.663Z - Established a connection. Number of open connections: 6
[NX v22.0.2 Daemon Server] - 2025-10-29T22:41:29.664Z - Closed a connection. Number of open connections: 5
[NX v22.0.2 Daemon Server] - 2025-10-29T22:41:29.667Z - Established a connection. Number of open connections: 6
[NX v22.0.2 Daemon Server] - 2025-10-29T22:41:29.682Z - [REQUEST]: Client Request for Project Graph Received
[NX v22.0.2 Daemon Server] - 2025-10-29T22:41:29.683Z - Reusing in-memory cached project graph because no files changed.
[NX v22.0.2 Daemon Server] - 2025-10-29T22:41:29.706Z - Wrote project graph cache to C:\Users\VAIO\apps\aaa-proyectos-propios\___napoli-monorepo\napoli-monorepo\.nx\workspace-data\project-graph.json
[NX v22.0.2 Daemon Server] - 2025-10-29T22:41:29.707Z - [REQUEST]: Responding to the client. project-graph
[NX v22.0.2 Daemon Server] - 2025-10-29T22:41:29.709Z - Time taken for 'total for creating and serializing project graph' 25.092100000001665ms
[NX v22.0.2 Daemon Server] - 2025-10-29T22:41:29.710Z - Done responding to the client project-graph
[NX v22.0.2 Daemon Server] - 2025-10-29T22:41:29.710Z - Handled json message REQUEST_PROJECT_GRAPH. Handling time: 25. Response time: 3.
[NX v22.0.2 Daemon Server] - 2025-10-29T22:41:29.727Z - [REQUEST]: Responding to the client. handleRunPreTasksExecution
[NX v22.0.2 Daemon Server] - 2025-10-29T22:41:29.728Z - Time taken for 'preTasksExecution' 0.8964999999989232ms
[NX v22.0.2 Daemon Server] - 2025-10-29T22:41:29.728Z - Done responding to the client handleRunPreTasksExecution
[NX v22.0.2 Daemon Server] - 2025-10-29T22:41:29.728Z - Handled json message PRE_TASKS_EXECUTION. Handling time: 1. Response time: 1.
[NX v22.0.2 Daemon Server] - 2025-10-29T22:41:30.499Z - Reusing in-memory cached project graph because no files changed.
[NX v22.0.2 Daemon Server] - 2025-10-29T22:41:30.528Z - Wrote project graph cache to C:\Users\VAIO\apps\aaa-proyectos-propios\___napoli-monorepo\napoli-monorepo\.nx\workspace-data\project-graph.json
DEBUG nx::native::tasks::hash_planner: get_plans_internal COMPLETED in 41.3535ms - processed 1 tasks (setup: 6.8743ms, parallel_planning: 34.4661ms)
DEBUG nx::native::tasks::hashers::hash_workspace_files: Hashing workspace fileset{cache_key="nx.json,.gitignore,.nxignore"}: Adding "1235412395327563553" (".gitignore") to hash
DEBUG nx::native::tasks::hashers::hash_workspace_files: Hashing workspace fileset{cache_key="nx.json,.gitignore,.nxignore"}: Adding "9134231155409267263" ("nx.json") to hash
DEBUG nx::native::tasks::hashers::hash_workspace_files: Hashing workspace fileset{cache_key="nx.json,.gitignore,.nxignore"}: Hash Value: "459919662190422518"
DEBUG nx::native::tasks::task_hasher: hash_plans COMPLETED in 11.804ms - processed 1 plans (setup: 553.6µs, hashing: 11.2446ms, assembly: 4.5052ms)
[NX v22.0.2 Daemon Server] - 2025-10-29T22:41:30.608Z - [REQUEST]: Responding to the client. handleHashTasks
[NX v22.0.2 Daemon Server] - 2025-10-29T22:41:30.608Z - Time taken for 'write cache' 29.90520000000106ms
[NX v22.0.2 Daemon Server] - 2025-10-29T22:41:30.610Z - Done responding to the client handleHashTasks
[NX v22.0.2 Daemon Server] - 2025-10-29T22:41:30.610Z - Handled json message HASH_TASKS. Handling time: 110. Response time: 3.
[NX v22.0.2 Daemon Server] - 2025-10-29T22:41:31.663Z - [REQUEST]: Responding to the client. handleGetEstimatedTaskTimings
[NX v22.0.2 Daemon Server] - 2025-10-29T22:41:31.664Z - Done responding to the client handleGetEstimatedTaskTimings
[NX v22.0.2 Daemon Server] - 2025-10-29T22:41:31.665Z - Handled json message GET_ESTIMATED_TASK_TIMINGS. Handling time: 7. Response time: 2.
[NX v22.0.2 Daemon Server] - 2025-10-29T22:41:39.181Z - Established a connection. Number of open connections: 7
[NX v22.0.2 Daemon Server] - 2025-10-29T22:41:39.182Z - Closed a connection. Number of open connections: 6
[NX v22.0.2 Daemon Server] - 2025-10-29T22:41:39.184Z - Established a connection. Number of open connections: 7
[NX v22.0.2 Daemon Server] - 2025-10-29T22:41:39.189Z - [REQUEST]: Client Request for Project Graph Received
[NX v22.0.2 Daemon Server] - 2025-10-29T22:41:39.190Z - Reusing in-memory cached project graph because no files changed.
[NX v22.0.2 Daemon Server] - 2025-10-29T22:41:39.216Z - Wrote project graph cache to C:\Users\VAIO\apps\aaa-proyectos-propios\___napoli-monorepo\napoli-monorepo\.nx\workspace-data\project-graph.json
[NX v22.0.2 Daemon Server] - 2025-10-29T22:41:39.216Z - [REQUEST]: Responding to the client. project-graph
[NX v22.0.2 Daemon Server] - 2025-10-29T22:41:39.219Z - Time taken for 'total for creating and serializing project graph' 27.58729999999923ms
[NX v22.0.2 Daemon Server] - 2025-10-29T22:41:39.220Z - Done responding to the client project-graph
[NX v22.0.2 Daemon Server] - 2025-10-29T22:41:39.220Z - Handled json message REQUEST_PROJECT_GRAPH. Handling time: 27. Response time: 4.
[NX v22.0.2 Daemon Server] - 2025-10-29T22:42:07.456Z - Established a connection. Number of open connections: 8
[NX v22.0.2 Daemon Server] - 2025-10-29T22:42:07.457Z - Closed a connection. Number of open connections: 7
[NX v22.0.2 Daemon Server] - 2025-10-29T22:42:07.458Z - Established a connection. Number of open connections: 8
[NX v22.0.2 Daemon Server] - 2025-10-29T22:42:07.496Z - [REQUEST]: Client Request for Project Graph Received
[NX v22.0.2 Daemon Server] - 2025-10-29T22:42:07.498Z - Reusing in-memory cached project graph because no files changed.
[NX v22.0.2 Daemon Server] - 2025-10-29T22:42:07.527Z - Wrote project graph cache to C:\Users\VAIO\apps\aaa-proyectos-propios\___napoli-monorepo\napoli-monorepo\.nx\workspace-data\project-graph.json
[NX v22.0.2 Daemon Server] - 2025-10-29T22:42:07.528Z - [REQUEST]: Responding to the client. project-graph
[NX v22.0.2 Daemon Server] - 2025-10-29T22:42:07.531Z - Time taken for 'total for creating and serializing project graph' 31.647100000001956ms
[NX v22.0.2 Daemon Server] - 2025-10-29T22:42:07.532Z - Done responding to the client project-graph
[NX v22.0.2 Daemon Server] - 2025-10-29T22:42:07.532Z - Handled json message REQUEST_PROJECT_GRAPH. Handling time: 32. Response time: 4.
[NX v22.0.2 Daemon Server] - 2025-10-29T22:42:08.571Z - [REQUEST]: Client Request for Project Graph Received
[NX v22.0.2 Daemon Server] - 2025-10-29T22:42:08.573Z - Reusing in-memory cached project graph because no files changed.
[NX v22.0.2 Daemon Server] - 2025-10-29T22:42:08.603Z - Wrote project graph cache to C:\Users\VAIO\apps\aaa-proyectos-propios\___napoli-monorepo\napoli-monorepo\.nx\workspace-data\project-graph.json
[NX v22.0.2 Daemon Server] - 2025-10-29T22:42:08.604Z - [REQUEST]: Responding to the client. project-graph
[NX v22.0.2 Daemon Server] - 2025-10-29T22:42:08.606Z - Time taken for 'total for creating and serializing project graph' 32.12460000000283ms
[NX v22.0.2 Daemon Server] - 2025-10-29T22:42:08.607Z - Done responding to the client project-graph
[NX v22.0.2 Daemon Server] - 2025-10-29T22:42:08.608Z - Handled json message REQUEST_PROJECT_GRAPH. Handling time: 33. Response time: 4.
[NX v22.0.2 Daemon Server] - 2025-10-29T22:42:27.719Z - [WATCHER]: Processing file changes in outputs
[NX v22.0.2 Daemon Server] - 2025-10-29T22:42:27.722Z - [WATCHER]: napoli-pwa/tsconfig.json was modified
[NX v22.0.2 Daemon Server] - 2025-10-29T22:42:27.826Z - [REQUEST]: Updated workspace context based on watched changes, recomputing project graph...
[NX v22.0.2 Daemon Server] - 2025-10-29T22:42:27.827Z - [REQUEST]: napoli-pwa/tsconfig.json
[NX v22.0.2 Daemon Server] - 2025-10-29T22:42:27.827Z - [REQUEST]: 
Time for 'nx/core/package-json:createNodes' 8.363100000002305
Time for 'nx/core/project-json:createNodes' 1.5498999999981606
Time for 'nx/js/dependencies-and-lockfile:createNodes' 22.094700000001467
[NX v22.0.2 Daemon Server] - 2025-10-29T22:42:27.964Z - [REQUEST]: Responding to the client. handleHashGlob
Time for 'total for sendMessageToDaemon()' 69.86220000000321
Time for 'deserialize daemon response' 0.14909999999508727
[NX v22.0.2 Daemon Server] - 2025-10-29T22:42:27.970Z - [REQUEST]: Responding to the client. handleGlob
Time for 'total for sendMessageToDaemon()' 72.06290000000445
Time for 'deserialize daemon response' 0.08680000000458676
[NX v22.0.2 Daemon Server] - 2025-10-29T22:42:27.976Z - [REQUEST]: Responding to the client. handleHashMultiGlob
[NX v22.0.2 Daemon Server] - 2025-10-29T22:42:27.977Z - Time taken for 'hash changed files from watcher' 0.9358000000065658ms
Time for '@nx/next/plugin:createNodes' 94.70780000000377
[NX v22.0.2 Daemon Server] - 2025-10-29T22:42:27.992Z - Done responding to the client handleHashGlob
[NX v22.0.2 Daemon Server] - 2025-10-29T22:42:27.992Z - Handled json message HASH_GLOB. Handling time: 47. Response time: 28.
[NX v22.0.2 Daemon Server] - 2025-10-29T22:42:27.993Z - Done responding to the client handleGlob
[NX v22.0.2 Daemon Server] - 2025-10-29T22:42:27.993Z - Handled json message GLOB. Handling time: 1. Response time: 24.
[NX v22.0.2 Daemon Server] - 2025-10-29T22:42:28.061Z - [REQUEST]: Responding to the client. handleHashMultiGlob
[NX v22.0.2 Daemon Server] - 2025-10-29T22:42:28.061Z - Done responding to the client handleHashMultiGlob
[NX v22.0.2 Daemon Server] - 2025-10-29T22:42:28.061Z - Handled json message HASH_GLOB. Handling time: 3. Response time: 85.
Time for 'total for sendMessageToDaemon()' 87.69539999999688
Time for 'deserialize daemon response' 0.05909999999857973
Time for '@nx/eslint/plugin:createNodes' 186.39940000000934
[NX v22.0.2 Daemon Server] - 2025-10-29T22:42:28.110Z - [REQUEST]: Responding to the client. handleHashGlob
[NX v22.0.2 Daemon Server] - 2025-10-29T22:42:28.110Z - [WATCHER]: Processing file changes in outputs
[NX v22.0.2 Daemon Server] - 2025-10-29T22:42:28.113Z - [WATCHER]: napoli-pwa/.next/cache/.rscinfo was modified
[NX v22.0.2 Daemon Server] - 2025-10-29T22:42:28.114Z - Done responding to the client handleHashMultiGlob
[NX v22.0.2 Daemon Server] - 2025-10-29T22:42:28.114Z - Handled json message HASH_GLOB. Handling time: 65. Response time: 54.
Time for '@nx/playwright/plugin:createNodes' 226.6777000000002
Time for 'total for sendMessageToDaemon()' 68.94150000000081
Time for 'deserialize daemon response' 0.0552999999927124
[NX v22.0.2 Daemon Server] - 2025-10-29T22:42:28.116Z - Done responding to the client handleHashGlob
[NX v22.0.2 Daemon Server] - 2025-10-29T22:42:28.119Z - Handled json message HASH_GLOB. Handling time: 39. Response time: 9.
[33mConvert compiler options from json failed, No inputs were found in config file 'tsconfig.json'. Specified 'include' paths were '["jest.config.ts","src/**/*.test.ts","src/**/*.spec.ts","src/**/*.test.tsx","src/**/*.spec.tsx","src/**/*.test.js","src/**/*.spec.js","src/**/*.test.jsx","src/**/*.spec.jsx","src/**/*.d.ts"]' and 'exclude' paths were '["node_modules","jest.config.ts","**/*.spec.ts","**/*.test.ts","src/**/*.spec.ts","src/**/*.test.ts"]'.[39m
Time for '@nx/jest/plugin:createNodes' 426.12850000000617
Time for 'total for sendMessageToDaemon()' 66.86709999998857
Time for 'deserialize daemon response' 0.05760000000009313
Time for '@nx/js/typescript:createNodes' 476.58150000000023
[NX v22.0.2 Daemon Server] - 2025-10-29T22:42:28.498Z - [REQUEST]: Updated workspace context based on watched changes, recomputing project graph...
[NX v22.0.2 Daemon Server] - 2025-10-29T22:42:28.498Z - [REQUEST]: napoli-pwa/tsconfig.json,napoli-pwa/.next/cache/.rscinfo
[NX v22.0.2 Daemon Server] - 2025-10-29T22:42:28.498Z - [REQUEST]: 
Time for '@nx/js/typescript:createNodes' 34.040500000002794
Time for 'nx/core/package-json:createNodes' 5.8633000000118045
Time for 'nx/js/dependencies-and-lockfile:createNodes' 24.948399999993853
Time for 'nx/core/project-json:createNodes' 45.90820000000531
[NX v22.0.2 Daemon Server] - 2025-10-29T22:42:28.844Z - [REQUEST]: Responding to the client. handleHashGlob
Time for 'total for sendMessageToDaemon()' 286.25770000000193
Time for 'deserialize daemon response' 0.055300000007264316
[NX v22.0.2 Daemon Server] - 2025-10-29T22:42:28.856Z - [REQUEST]: Responding to the client. handleGlob
Time for 'total for sendMessageToDaemon()' 293.66070000000764
Time for 'deserialize daemon response' 0.07910000000265427
Time for '@nx/next/plugin:createNodes' 313.0329000000056
[NX v22.0.2 Daemon Server] - 2025-10-29T22:42:28.862Z - [REQUEST]: Responding to the client. handleHashMultiGlob
[33mConvert compiler options from json failed, No inputs were found in config file 'tsconfig.json'. Specified 'include' paths were '["jest.config.ts","src/**/*.test.ts","src/**/*.spec.ts","src/**/*.test.tsx","src/**/*.spec.tsx","src/**/*.test.js","src/**/*.spec.js","src/**/*.test.jsx","src/**/*.spec.jsx","src/**/*.d.ts"]' and 'exclude' paths were '["node_modules","jest.config.ts","**/*.spec.ts","**/*.test.ts","src/**/*.spec.ts","src/**/*.test.ts"]'.[39m
[NX v22.0.2 Daemon Server] - 2025-10-29T22:42:28.929Z - [REQUEST]: Responding to the client. handleHashGlob
[NX v22.0.2 Daemon Server] - 2025-10-29T22:42:28.930Z - Time taken for 'hash changed files from watcher' 34.544999999998254ms
[NX v22.0.2 Daemon Server] - 2025-10-29T22:42:28.932Z - Done responding to the client handleHashGlob
[NX v22.0.2 Daemon Server] - 2025-10-29T22:42:28.932Z - Handled json message HASH_GLOB. Handling time: 3. Response time: 88.
[NX v22.0.2 Daemon Server] - 2025-10-29T22:42:28.933Z - Done responding to the client handleGlob
[NX v22.0.2 Daemon Server] - 2025-10-29T22:42:28.933Z - Handled json message GLOB. Handling time: 9. Response time: 77.
Time for '@nx/playwright/plugin:createNodes' 385.47709999998915
Time for 'total for sendMessageToDaemon()' 309.01810000000114
Time for 'deserialize daemon response' 0.07209999999031425
Time for 'build typescript dependencies' 36.234700000000885
[NX v22.0.2 Daemon Server] - 2025-10-29T22:42:28.942Z - [REQUEST]: Responding to the client. handleHashMultiGlob
[NX v22.0.2 Daemon Server] - 2025-10-29T22:42:28.946Z - Done responding to the client handleHashMultiGlob
[NX v22.0.2 Daemon Server] - 2025-10-29T22:42:28.946Z - Handled json message HASH_GLOB. Handling time: 3. Response time: 84.
[NX v22.0.2 Daemon Server] - 2025-10-29T22:42:28.946Z - Done responding to the client handleHashGlob
[NX v22.0.2 Daemon Server] - 2025-10-29T22:42:28.947Z - Handled json message HASH_GLOB. Handling time: 49. Response time: 18.
[NX v22.0.2 Daemon Server] - 2025-10-29T22:42:28.947Z - Time taken for '@nx/js/typescript:createDependencies' 222.36560000000463ms
Time for 'total for sendMessageToDaemon()' 83.5179000000062
Time for 'deserialize daemon response' 0.05720000001019798
Time for '@nx/eslint/plugin:createNodes' 401.12140000000363
Time for '@nx/jest/plugin:createNodes' 418.69710000000487
Time for 'total for sendMessageToDaemon()' 289.0743000000075
Time for 'deserialize daemon response' 0.06330000000889413
[NX v22.0.2 Daemon Server] - 2025-10-29T22:42:29.052Z - [SYNC]: collect registered sync generators
[NX v22.0.2 Daemon Server] - 2025-10-29T22:42:29.054Z - [SYNC]: project graph hash is the same, not collecting task sync generators
[NX v22.0.2 Daemon Server] - 2025-10-29T22:42:29.054Z - [SYNC]: nx.json hash is the same, not collecting global sync generators
[NX v22.0.2 Daemon Server] - 2025-10-29T22:42:29.054Z - [SYNC]: scheduling: ["@nx/js:typescript-sync"]
[NX v22.0.2 Daemon Server] - 2025-10-29T22:42:29.055Z - Done responding to the client handleHashMultiGlob
[NX v22.0.2 Daemon Server] - 2025-10-29T22:42:29.055Z - Handled json message HASH_GLOB. Handling time: 5. Response time: 113.
[NX v22.0.2 Daemon Server] - 2025-10-29T22:42:29.055Z - Time taken for 'total execution time for createProjectGraph()' 404.97690000000875ms
[NX v22.0.2 Daemon Server] - 2025-10-29T22:42:29.110Z - Time taken for 'build-project-configs' 519.504700000005ms
Time for 'build typescript dependencies' 23.04210000000603
[NX v22.0.2 Daemon Server] - 2025-10-29T22:42:29.194Z - Time taken for '@nx/js/typescript:createDependencies' 102.67829999999958ms
[NX v22.0.2 Daemon Server] - 2025-10-29T22:42:29.374Z - [SYNC]: collect registered sync generators
[NX v22.0.2 Daemon Server] - 2025-10-29T22:42:29.376Z - [SYNC]: project graph hash is the same, not collecting task sync generators
[NX v22.0.2 Daemon Server] - 2025-10-29T22:42:29.377Z - [SYNC]: nx.json hash is the same, not collecting global sync generators
[NX v22.0.2 Daemon Server] - 2025-10-29T22:42:29.377Z - [SYNC]: scheduling: ["@nx/js:typescript-sync"]
[NX v22.0.2 Daemon Server] - 2025-10-29T22:42:29.378Z - Time taken for 'total execution time for createProjectGraph()' 231.2037999999884ms
[NX v22.0.2 Daemon Server] - 2025-10-29T22:42:29.380Z - [SYNC]: running scheduled generator @nx/js:typescript-sync
[NX v22.0.2 Daemon Server] - 2025-10-29T22:42:29.409Z - [REQUEST]: Client Request for Project Graph Received
[NX v22.0.2 Daemon Server] - 2025-10-29T22:42:29.435Z - Reusing in-memory cached project graph because no files changed.
[NX v22.0.2 Daemon Server] - 2025-10-29T22:42:29.545Z - Wrote project graph cache to C:\Users\VAIO\apps\aaa-proyectos-propios\___napoli-monorepo\napoli-monorepo\.nx\workspace-data\project-graph.json
[NX v22.0.2 Daemon Server] - 2025-10-29T22:42:29.545Z - [REQUEST]: Responding to the client. project-graph
[NX v22.0.2 Daemon Server] - 2025-10-29T22:42:29.548Z - Time taken for 'total for creating and serializing project graph' 136.03489999999874ms
[NX v22.0.2 Daemon Server] - 2025-10-29T22:42:29.658Z - [SYNC]: @nx/js:typescript-sync changes: 
[NX v22.0.2 Daemon Server] - 2025-10-29T22:42:29.659Z - Time taken for 'run-sync-generator:@nx/js:typescript-sync' 277.6680000000051ms
[NX v22.0.2 Daemon Server] - 2025-10-29T22:42:29.660Z - Done responding to the client project-graph
[NX v22.0.2 Daemon Server] - 2025-10-29T22:42:29.661Z - Handled json message REQUEST_PROJECT_GRAPH. Handling time: 136. Response time: 116.
[NX v22.0.2 Daemon Server] - 2025-10-29T22:42:30.700Z - [WATCHER]: Processing file changes in outputs
[NX v22.0.2 Daemon Server] - 2025-10-29T22:42:30.704Z - [WATCHER]: 0 file(s) created or restored, 1 file(s) modified, 1 file(s) deleted
[NX v22.0.2 Daemon Server] - 2025-10-29T22:42:30.882Z - [REQUEST]: Updated workspace context based on watched changes, recomputing project graph...
[NX v22.0.2 Daemon Server] - 2025-10-29T22:42:30.882Z - [REQUEST]: napoli-pwa/.next/package.json
[NX v22.0.2 Daemon Server] - 2025-10-29T22:42:30.882Z - [REQUEST]: napoli-pwa/.next/types
Time for '@nx/js/typescript:createNodes' 29.411899999991874
Time for 'nx/core/package-json:createNodes' 11.185299999997369
Time for 'nx/js/dependencies-and-lockfile:createNodes' 28.47870000000694
Time for 'nx/core/project-json:createNodes' 171.55629999999655
[NX v22.0.2 Daemon Server] - 2025-10-29T22:42:31.315Z - [REQUEST]: Responding to the client. handleHashGlob
Time for 'total for sendMessageToDaemon()' 330.6929000000091
Time for 'deserialize daemon response' 0.06579999999667052
[NX v22.0.2 Daemon Server] - 2025-10-29T22:42:31.320Z - [REQUEST]: Responding to the client. handleHashGlob
Time for '@nx/playwright/plugin:createNodes' 336.14620000000286
Time for 'total for sendMessageToDaemon()' 328.26840000000084
Time for 'deserialize daemon response' 0.06289999998989515
Time for '@nx/next/plugin:createNodes' 359.3778999999922
[NX v22.0.2 Daemon Server] - 2025-10-29T22:42:31.334Z - [REQUEST]: Responding to the client. handleGlob
Time for 'total for sendMessageToDaemon()' 331.4985999999917
Time for 'deserialize daemon response' 0.08289999999396969
[NX v22.0.2 Daemon Server] - 2025-10-29T22:42:31.338Z - [REQUEST]: Responding to the client. handleHashMultiGlob
[NX v22.0.2 Daemon Server] - 2025-10-29T22:42:31.352Z - Time taken for 'hash changed files from watcher' 0.9970999999932246ms
[NX v22.0.2 Daemon Server] - 2025-10-29T22:42:31.353Z - Done responding to the client handleHashGlob
[NX v22.0.2 Daemon Server] - 2025-10-29T22:42:31.353Z - Handled json message HASH_GLOB. Handling time: 109. Response time: 38.
[NX v22.0.2 Daemon Server] - 2025-10-29T22:42:31.354Z - Done responding to the client handleHashGlob
[NX v22.0.2 Daemon Server] - 2025-10-29T22:42:31.354Z - Handled json message HASH_GLOB. Handling time: 2. Response time: 34.
[NX v22.0.2 Daemon Server] - 2025-10-29T22:42:31.355Z - Done responding to the client handleGlob
[NX v22.0.2 Daemon Server] - 2025-10-29T22:42:31.355Z - Handled json message GLOB. Handling time: 11. Response time: 21.
[33mConvert compiler options from json failed, No inputs were found in config file 'tsconfig.json'. Specified 'include' paths were '["jest.config.ts","src/**/*.test.ts","src/**/*.spec.ts","src/**/*.test.tsx","src/**/*.spec.tsx","src/**/*.test.js","src/**/*.spec.js","src/**/*.test.jsx","src/**/*.spec.jsx","src/**/*.d.ts"]' and 'exclude' paths were '["node_modules","jest.config.ts","**/*.spec.ts","**/*.test.ts","src/**/*.spec.ts","src/**/*.test.ts"]'.[39m
Time for '@nx/jest/plugin:createNodes' 539.238400000002
Time for 'total for sendMessageToDaemon()' 316.1875
Time for 'deserialize daemon response' 0.05469999999331776
[NX v22.0.2 Daemon Server] - 2025-10-29T22:42:31.820Z - [REQUEST]: Responding to the client. handleHashMultiGlob
[NX v22.0.2 Daemon Server] - 2025-10-29T22:42:31.820Z - Done responding to the client handleHashMultiGlob
[NX v22.0.2 Daemon Server] - 2025-10-29T22:42:31.820Z - Handled json message HASH_GLOB. Handling time: 1. Response time: 482.
[NX v22.0.2 Daemon Server] - 2025-10-29T22:42:31.822Z - Done responding to the client handleHashMultiGlob
[NX v22.0.2 Daemon Server] - 2025-10-29T22:42:31.822Z - Handled json message HASH_GLOB. Handling time: 460. Response time: 3.
Time for 'total for sendMessageToDaemon()' 483.210699999996
Time for 'deserialize daemon response' 0.09109999999054708
Time for '@nx/eslint/plugin:createNodes' 837.8245000000024
[NX v22.0.2 Daemon Server] - 2025-10-29T22:42:31.895Z - Time taken for 'build-project-configs' 879.4928999999975ms
[NX v22.0.2 Daemon Server] - 2025-10-29T22:42:31.897Z - Time taken for '@nx/js/typescript:createDependencies' 24.591399999990244ms
Time for 'build typescript dependencies' 16.42149999999674
[NX v22.0.2 Daemon Server] - 2025-10-29T22:42:31.997Z - [SYNC]: collect registered sync generators
[NX v22.0.2 Daemon Server] - 2025-10-29T22:42:32.000Z - [SYNC]: project graph hash is the same, not collecting task sync generators
[NX v22.0.2 Daemon Server] - 2025-10-29T22:42:32.000Z - [SYNC]: nx.json hash is the same, not collecting global sync generators
[NX v22.0.2 Daemon Server] - 2025-10-29T22:42:32.000Z - [SYNC]: scheduling: ["@nx/js:typescript-sync"]
[NX v22.0.2 Daemon Server] - 2025-10-29T22:42:32.001Z - Time taken for 'total execution time for createProjectGraph()' 126.70380000000296ms
[NX v22.0.2 Daemon Server] - 2025-10-29T22:42:32.456Z - [SYNC]: running scheduled generator @nx/js:typescript-sync
[NX v22.0.2 Daemon Server] - 2025-10-29T22:42:32.473Z - [REQUEST]: Client Request for Project Graph Received
[NX v22.0.2 Daemon Server] - 2025-10-29T22:42:32.475Z - Reusing in-memory cached project graph because no files changed.
ERROR (1) when writing 
EPERM: operation not permitted, rename 'C:\Users\VAIO\apps\aaa-proyectos-propios\___napoli-monorepo\napoli-monorepo\.nx\workspace-data\file-map.json~1758c5f9' -> 'C:\Users\VAIO\apps\aaa-proyectos-propios\___napoli-monorepo\napoli-monorepo\.nx\workspace-data\file-map.json'
Error: EPERM: operation not permitted, rename 'C:\Users\VAIO\apps\aaa-proyectos-propios\___napoli-monorepo\napoli-monorepo\.nx\workspace-data\file-map.json~1758c5f9' -> 'C:\Users\VAIO\apps\aaa-proyectos-propios\___napoli-monorepo\napoli-monorepo\.nx\workspace-data\file-map.json'
    at renameSync (node:fs:1033:11)
    at writeCache (C:\Users\VAIO\apps\aaa-proyectos-propios\___napoli-monorepo\napoli-monorepo\node_modules\.pnpm\nx@22.0.2_@swc-node+registe_abfd5ce0eef9959838860cb452295f76\node_modules\nx\src\project-graph\nx-deps-cache.js:163:42)
    at getCachedSerializedProjectGraphPromise (C:\Users\VAIO\apps\aaa-proyectos-propios\___napoli-monorepo\napoli-monorepo\node_modules\.pnpm\nx@22.0.2_@swc-node+registe_abfd5ce0eef9959838860cb452295f76\node_modules\nx\src\daemon\server\project-graph-incremental-recomputation.js:74:44)
    at process.processTicksAndRejections (node:internal/process/task_queues:95:5)
    at async handleRequestProjectGraph (C:\Users\VAIO\apps\aaa-proyectos-propios\___napoli-monorepo\napoli-monorepo\node_modules\.pnpm\nx@22.0.2_@swc-node+registe_abfd5ce0eef9959838860cb452295f76\node_modules\nx\src\daemon\server\handle-request-project-graph.js:12:24)
    at async handleResult (C:\Users\VAIO\apps\aaa-proyectos-propios\___napoli-monorepo\napoli-monorepo\node_modules\.pnpm\nx@22.0.2_@swc-node+registe_abfd5ce0eef9959838860cb452295f76\node_modules\nx\src\daemon\server\server.js:204:14)
    at async handleMessage (C:\Users\VAIO\apps\aaa-proyectos-propios\___napoli-monorepo\napoli-monorepo\node_modules\.pnpm\nx@22.0.2_@swc-node+registe_abfd5ce0eef9959838860cb452295f76\node_modules\nx\src\daemon\server\server.js:122:9)
    at async C:\Users\VAIO\apps\aaa-proyectos-propios\___napoli-monorepo\napoli-monorepo\node_modules\.pnpm\nx@22.0.2_@swc-node+registe_abfd5ce0eef9959838860cb452295f76\node_modules\nx\src\daemon\server\server.js:77:9
[NX v22.0.2 Daemon Server] - 2025-10-29T22:42:32.841Z - Wrote project graph cache to C:\Users\VAIO\apps\aaa-proyectos-propios\___napoli-monorepo\napoli-monorepo\.nx\workspace-data\project-graph.json
[NX v22.0.2 Daemon Server] - 2025-10-29T22:42:32.841Z - [REQUEST]: Responding to the client. project-graph
[NX v22.0.2 Daemon Server] - 2025-10-29T22:42:32.843Z - Time taken for 'total for creating and serializing project graph' 368.4228999999905ms
[NX v22.0.2 Daemon Server] - 2025-10-29T22:42:32.928Z - [SYNC]: @nx/js:typescript-sync changes: 
[NX v22.0.2 Daemon Server] - 2025-10-29T22:42:32.928Z - Time taken for 'run-sync-generator:@nx/js:typescript-sync' 471.2419000000082ms
[NX v22.0.2 Daemon Server] - 2025-10-29T22:42:32.932Z - Done responding to the client project-graph
[NX v22.0.2 Daemon Server] - 2025-10-29T22:42:32.933Z - Handled json message REQUEST_PROJECT_GRAPH. Handling time: 368. Response time: 92.
[NX v22.0.2 Daemon Server] - 2025-10-29T22:42:48.127Z - [WATCHER]: Processing file changes in outputs
[NX v22.0.2 Daemon Server] - 2025-10-29T22:42:48.130Z - [WATCHER]: 0 file(s) created or restored, 10 file(s) modified, 0 file(s) deleted
[NX v22.0.2 Daemon Server] - 2025-10-29T22:42:48.260Z - [REQUEST]: Updated workspace context based on watched changes, recomputing project graph...
[NX v22.0.2 Daemon Server] - 2025-10-29T22:42:48.260Z - [REQUEST]: napoli-pwa/.next/app-build-manifest.json,napoli-pwa/.next/server/middleware-build-manifest.js,napoli-pwa/.next/react-loadable-manifest.json,napoli-pwa/.next/static/development/_ssgManifest.js,napoli-pwa/.next/static/development/_buildManifest.js,napoli-pwa/.next/server/next-font-manifest.json,napoli-pwa/.next/build-manifest.json,napoli-pwa/.next/server/middleware-react-loadable-manifest.js,napoli-pwa/.next/server/next-font-manifest.js,napoli-pwa/.next/static/chunks/polyfills.js
[NX v22.0.2 Daemon Server] - 2025-10-29T22:42:48.261Z - [REQUEST]: 
Time for '@nx/js/typescript:createNodes' 19.50810000000638
Time for 'nx/core/project-json:createNodes' 1.4820999999938067
Time for 'nx/core/package-json:createNodes' 5.718800000002375
[NX v22.0.2 Daemon Server] - 2025-10-29T22:42:48.323Z - [REQUEST]: Responding to the client. handleHashGlob
Time for 'nx/js/dependencies-and-lockfile:createNodes' 23.231100000004517
Time for '@nx/playwright/plugin:createNodes' 61.26630000000296
Time for 'total for sendMessageToDaemon()' 52.316399999996065
Time for 'deserialize daemon response' 0.08479999999690335
[NX v22.0.2 Daemon Server] - 2025-10-29T22:42:48.335Z - [REQUEST]: Responding to the client. handleHashGlob
Time for 'total for sendMessageToDaemon()' 58.66599999999744
Time for 'deserialize daemon response' 0.05839999999443535
Time for '@nx/next/plugin:createNodes' 80.23189999999886
[NX v22.0.2 Daemon Server] - 2025-10-29T22:42:48.351Z - [REQUEST]: Responding to the client. handleGlob
Time for 'total for sendMessageToDaemon()' 65.17280000000028
Time for 'deserialize daemon response' 0.07050000000162981
[NX v22.0.2 Daemon Server] - 2025-10-29T22:42:48.356Z - [REQUEST]: Responding to the client. handleHashMultiGlob
[NX v22.0.2 Daemon Server] - 2025-10-29T22:42:48.358Z - Time taken for 'hash changed files from watcher' 7.614199999996345ms
[NX v22.0.2 Daemon Server] - 2025-10-29T22:42:48.360Z - Done responding to the client handleHashGlob
[NX v22.0.2 Daemon Server] - 2025-10-29T22:42:48.361Z - Handled json message HASH_GLOB. Handling time: 21. Response time: 38.
[NX v22.0.2 Daemon Server] - 2025-10-29T22:42:48.370Z - [WATCHER]: Processing file changes in outputs
[NX v22.0.2 Daemon Server] - 2025-10-29T22:42:48.373Z - [WATCHER]: 0 file(s) created or restored, 6 file(s) modified, 0 file(s) deleted
[NX v22.0.2 Daemon Server] - 2025-10-29T22:42:48.378Z - Done responding to the client handleHashGlob
[NX v22.0.2 Daemon Server] - 2025-10-29T22:42:48.378Z - Handled json message HASH_GLOB. Handling time: 2. Response time: 43.
[NX v22.0.2 Daemon Server] - 2025-10-29T22:42:48.379Z - Done responding to the client handleGlob
[NX v22.0.2 Daemon Server] - 2025-10-29T22:42:48.379Z - Handled json message GLOB. Handling time: 11. Response time: 28.
[33mConvert compiler options from json failed, No inputs were found in config file 'tsconfig.json'. Specified 'include' paths were '["jest.config.ts","src/**/*.test.ts","src/**/*.spec.ts","src/**/*.test.tsx","src/**/*.spec.tsx","src/**/*.test.js","src/**/*.spec.js","src/**/*.test.jsx","src/**/*.spec.jsx","src/**/*.d.ts"]' and 'exclude' paths were '["node_modules","jest.config.ts","**/*.spec.ts","**/*.test.ts","src/**/*.spec.ts","src/**/*.test.ts"]'.[39m
Time for '@nx/jest/plugin:createNodes' 111.02160000000731
Time for 'total for sendMessageToDaemon()' 59.368900000001304
Time for 'deserialize daemon response' 0.06620000000111759
[NX v22.0.2 Daemon Server] - 2025-10-29T22:42:48.410Z - [REQUEST]: Responding to the client. handleHashMultiGlob
[NX v22.0.2 Daemon Server] - 2025-10-29T22:42:48.411Z - Done responding to the client handleHashMultiGlob
[NX v22.0.2 Daemon Server] - 2025-10-29T22:42:48.411Z - Handled json message HASH_GLOB. Handling time: 2. Response time: 55.
[NX v22.0.2 Daemon Server] - 2025-10-29T22:42:48.412Z - Done responding to the client handleHashMultiGlob
[NX v22.0.2 Daemon Server] - 2025-10-29T22:42:48.412Z - Handled json message HASH_GLOB. Handling time: 28. Response time: 2.
Time for 'total for sendMessageToDaemon()' 56.819799999997485
Time for 'deserialize daemon response' 0.0597999999881722
[NX v22.0.2 Daemon Server] - 2025-10-29T22:42:48.649Z - [REQUEST]: Updated workspace context based on watched changes, recomputing project graph...
[NX v22.0.2 Daemon Server] - 2025-10-29T22:42:48.649Z - [REQUEST]: napoli-pwa/.next/app-build-manifest.json,napoli-pwa/.next/server/middleware-build-manifest.js,napoli-pwa/.next/react-loadable-manifest.json,napoli-pwa/.next/static/development/_ssgManifest.js,napoli-pwa/.next/static/development/_buildManifest.js,napoli-pwa/.next/server/next-font-manifest.json,napoli-pwa/.next/build-manifest.json,napoli-pwa/.next/server/middleware-react-loadable-manifest.js,napoli-pwa/.next/server/next-font-manifest.js,napoli-pwa/.next/static/chunks/polyfills.js,napoli-pwa/.next/server/server-reference-manifest.json,napoli-pwa/.next/server/app-paths-manifest.json,napoli-pwa/.next/types/package.json,napoli-pwa/.next/types/cache-life.d.ts,napoli-pwa/.next/server/server-reference-manifest.js,napoli-pwa/.next/server/pages-manifest.json
[NX v22.0.2 Daemon Server] - 2025-10-29T22:42:48.649Z - [REQUEST]: 
Time for 'nx/core/project-json:createNodes' 0.9205999999976484
[NX v22.0.2 Daemon Server] - 2025-10-29T22:42:48.673Z - [WATCHER]: Processing file changes in outputs
[NX v22.0.2 Daemon Server] - 2025-10-29T22:42:48.673Z - [WATCHER]: Processing file changes in outputs
[NX v22.0.2 Daemon Server] - 2025-10-29T22:42:48.676Z - [WATCHER]: 0 file(s) created or restored, 2 file(s) modified, 0 file(s) deleted
Time for 'nx/core/package-json:createNodes' 6.23750000000291
[NX v22.0.2 Daemon Server] - 2025-10-29T22:42:48.680Z - [WATCHER]: napoli-pwa/.next/server/middleware-manifest.json was modified
[NX v22.0.2 Daemon Server] - 2025-10-29T22:42:48.805Z - Time taken for 'hash changed files from watcher' 18.812099999995553ms
[NX v22.0.2 Daemon Server] - 2025-10-29T22:42:48.862Z - [REQUEST]: Responding to the client. handleHashMultiGlob
[NX v22.0.2 Daemon Server] - 2025-10-29T22:42:48.863Z - [WATCHER]: Processing file changes in outputs
[NX v22.0.2 Daemon Server] - 2025-10-29T22:42:48.865Z - [WATCHER]: napoli-pwa/.next/trace was modified
[NX v22.0.2 Daemon Server] - 2025-10-29T22:42:48.866Z - Done responding to the client handleHashMultiGlob
[NX v22.0.2 Daemon Server] - 2025-10-29T22:42:48.866Z - Handled json message HASH_GLOB. Handling time: 51. Response time: 5.
[33mConvert compiler options from json failed, No inputs were found in config file 'tsconfig.json'. Specified 'include' paths were '["jest.config.ts","src/**/*.test.ts","src/**/*.spec.ts","src/**/*.test.tsx","src/**/*.spec.tsx","src/**/*.test.js","src/**/*.spec.js","src/**/*.test.jsx","src/**/*.spec.jsx","src/**/*.d.ts"]' and 'exclude' paths were '["node_modules","jest.config.ts","**/*.spec.ts","**/*.test.ts","src/**/*.spec.ts","src/**/*.test.ts"]'.[39m
[NX v22.0.2 Daemon Server] - 2025-10-29T22:42:48.923Z - [REQUEST]: Responding to the client. handleHashGlob
Time for 'total for sendMessageToDaemon()' 40.32829999999376
Time for 'deserialize daemon response' 0.05699999998614658
Time for '@nx/next/plugin:createNodes' 282.9383999999991
Time for '@nx/js/typescript:createNodes' 300.0768000000098
Time for 'nx/js/dependencies-and-lockfile:createNodes' 130.17840000000433
Time for '@nx/jest/plugin:createNodes' 315.80830000000424
Time for 'total for sendMessageToDaemon()' 186.84369999999763
Time for 'deserialize daemon response' 0.05099999999220017
[NX v22.0.2 Daemon Server] - 2025-10-29T22:42:49.003Z - [REQUEST]: Responding to the client. handleHashGlob
[NX v22.0.2 Daemon Server] - 2025-10-29T22:42:49.003Z - Done responding to the client handleHashGlob
[NX v22.0.2 Daemon Server] - 2025-10-29T22:42:49.004Z - Handled json message HASH_GLOB. Handling time: 36. Response time: 81.
Time for '@nx/playwright/plugin:createNodes' 349.815499999997
Time for 'total for sendMessageToDaemon()' 96.9936000000016
Time for 'deserialize daemon response' 0.06220000000030268
[NX v22.0.2 Daemon Server] - 2025-10-29T22:42:49.017Z - Done responding to the client handleHashGlob
[NX v22.0.2 Daemon Server] - 2025-10-29T22:42:49.018Z - Handled json message HASH_GLOB. Handling time: 74. Response time: 15.
[NX v22.0.2 Daemon Server] - 2025-10-29T22:42:49.021Z - [WATCHER]: napoli-pwa/.next/trace was modified
[NX v22.0.2 Daemon Server] - 2025-10-29T22:42:49.022Z - [WATCHER]: Processing file changes in outputs
[NX v22.0.2 Daemon Server] - 2025-10-29T22:42:49.100Z - [REQUEST]: Updated workspace context based on watched changes, recomputing project graph...
[NX v22.0.2 Daemon Server] - 2025-10-29T22:42:49.100Z - [REQUEST]: napoli-pwa/.next/app-build-manifest.json,napoli-pwa/.next/server/middleware-build-manifest.js,napoli-pwa/.next/react-loadable-manifest.json,napoli-pwa/.next/static/development/_ssgManifest.js,napoli-pwa/.next/static/development/_buildManifest.js,napoli-pwa/.next/server/next-font-manifest.json,napoli-pwa/.next/build-manifest.json,napoli-pwa/.next/server/middleware-react-loadable-manifest.js,napoli-pwa/.next/server/next-font-manifest.js,napoli-pwa/.next/static/chunks/polyfills.js,napoli-pwa/.next/server/server-reference-manifest.json,napoli-pwa/.next/server/app-paths-manifest.json,napoli-pwa/.next/types/package.json,napoli-pwa/.next/types/cache-life.d.ts,napoli-pwa/.next/server/server-reference-manifest.js,napoli-pwa/.next/server/pages-manifest.json,napoli-pwa/.next/server/middleware-manifest.json,napoli-pwa/.next/server/interception-route-rewrite-manifest.js,napoli-pwa/.next/trace
[NX v22.0.2 Daemon Server] - 2025-10-29T22:42:49.100Z - [REQUEST]: 
Time for 'nx/core/package-json:createNodes' 5.654899999994086
[NX v22.0.2 Daemon Server] - 2025-10-29T22:42:49.150Z - [REQUEST]: Responding to the client. handleHashGlob
Time for 'total for sendMessageToDaemon()' 34.79430000000866
Time for 'deserialize daemon response' 0.06290000000444707
Time for 'nx/js/dependencies-and-lockfile:createNodes' 20.61689999999362
Time for 'nx/core/project-json:createNodes' 25.794800000003306
Time for '@nx/next/plugin:createNodes' 59.62760000000708
[NX v22.0.2 Daemon Server] - 2025-10-29T22:42:49.169Z - [REQUEST]: Responding to the client. handleHashMultiGlob
[NX v22.0.2 Daemon Server] - 2025-10-29T22:42:49.169Z - Time taken for 'hash changed files from watcher' 16.557600000000093ms
[33mConvert compiler options from json failed, No inputs were found in config file 'tsconfig.json'. Specified 'include' paths were '["jest.config.ts","src/**/*.test.ts","src/**/*.spec.ts","src/**/*.test.tsx","src/**/*.spec.tsx","src/**/*.test.js","src/**/*.spec.js","src/**/*.test.jsx","src/**/*.spec.jsx","src/**/*.d.ts"]' and 'exclude' paths were '["node_modules","jest.config.ts","**/*.spec.ts","**/*.test.ts","src/**/*.spec.ts","src/**/*.test.ts"]'.[39m
Time for '@nx/js/typescript:createNodes' 85.83650000000489
[NX v22.0.2 Daemon Server] - 2025-10-29T22:42:49.206Z - Done responding to the client handleHashGlob
[NX v22.0.2 Daemon Server] - 2025-10-29T22:42:49.206Z - Handled json message HASH_GLOB. Handling time: 14. Response time: 56.
[NX v22.0.2 Daemon Server] - 2025-10-29T22:42:49.223Z - Done responding to the client handleHashMultiGlob
[NX v22.0.2 Daemon Server] - 2025-10-29T22:42:49.223Z - Handled json message HASH_GLOB. Handling time: 15. Response time: 54.
[NX v22.0.2 Daemon Server] - 2025-10-29T22:42:49.233Z - [REQUEST]: Responding to the client. handleHashGlob
[NX v22.0.2 Daemon Server] - 2025-10-29T22:42:49.235Z - Done responding to the client handleHashGlob
[NX v22.0.2 Daemon Server] - 2025-10-29T22:42:49.235Z - Handled json message HASH_GLOB. Handling time: 5. Response time: 2.
Time for '@nx/playwright/plugin:createNodes' 128.28289999999106
Time for 'total for sendMessageToDaemon()' 50.72739999998885
Time for 'deserialize daemon response' 0.05849999999918509
Time for '@nx/jest/plugin:createNodes' 124.39879999999539
Time for 'total for sendMessageToDaemon()' 38.67239999999583
Time for 'deserialize daemon response' 0.05929999999352731
[NX v22.0.2 Daemon Server] - 2025-10-29T22:42:49.673Z - [WATCHER]: 0 file(s) created or restored, 9 file(s) modified, 0 file(s) deleted
[NX v22.0.2 Daemon Server] - 2025-10-29T22:42:49.676Z - [WATCHER]: Processing file changes in outputs
[NX v22.0.2 Daemon Server] - 2025-10-29T22:42:49.803Z - [WATCHER]: Processing file changes in outputs
[NX v22.0.2 Daemon Server] - 2025-10-29T22:42:49.806Z - [WATCHER]: 0 file(s) created or restored, 6 file(s) modified, 0 file(s) deleted
[NX v22.0.2 Daemon Server] - 2025-10-29T22:42:49.918Z - [WATCHER]: Processing file changes in outputs
[NX v22.0.2 Daemon Server] - 2025-10-29T22:42:49.921Z - [WATCHER]: 0 file(s) created or restored, 4 file(s) modified, 0 file(s) deleted
[NX v22.0.2 Daemon Server] - 2025-10-29T22:42:50.230Z - [REQUEST]: Client Request for Project Graph Received
[NX v22.0.2 Daemon Server] - 2025-10-29T22:42:50.232Z - Recomputing project graph because of 19 updated and 0 deleted files.
[NX v22.0.2 Daemon Server] - 2025-10-29T22:42:50.251Z - [REQUEST]: Updated workspace context based on watched changes, recomputing project graph...
[NX v22.0.2 Daemon Server] - 2025-10-29T22:42:50.252Z - [REQUEST]: napoli-pwa/.next/app-build-manifest.json,napoli-pwa/.next/server/middleware-build-manifest.js,napoli-pwa/.next/react-loadable-manifest.json,napoli-pwa/.next/static/development/_ssgManifest.js,napoli-pwa/.next/static/development/_buildManifest.js,napoli-pwa/.next/server/next-font-manifest.json,napoli-pwa/.next/build-manifest.json,napoli-pwa/.next/server/middleware-react-loadable-manifest.js,napoli-pwa/.next/server/next-font-manifest.js,napoli-pwa/.next/static/chunks/polyfills.js,napoli-pwa/.next/server/server-reference-manifest.json,napoli-pwa/.next/server/app-paths-manifest.json,napoli-pwa/.next/types/package.json,napoli-pwa/.next/types/cache-life.d.ts,napoli-pwa/.next/server/server-reference-manifest.js,napoli-pwa/.next/server/pages-manifest.json,napoli-pwa/.next/server/middleware-manifest.json,napoli-pwa/.next/server/interception-route-rewrite-manifest.js,napoli-pwa/.next/trace
[NX v22.0.2 Daemon Server] - 2025-10-29T22:42:50.252Z - [REQUEST]: 
Time for '@nx/js/typescript:createNodes' 17.32499999999709
Time for 'nx/core/project-json:createNodes' 1.4368000000104075
[NX v22.0.2 Daemon Server] - 2025-10-29T22:42:50.327Z - Time taken for 'hash changed files from watcher' 19.09320000000298ms
[NX v22.0.2 Daemon Server] - 2025-10-29T22:42:50.329Z - [WATCHER]: Processing file changes in outputs
Time for 'nx/core/package-json:createNodes' 5.686300000001211
[NX v22.0.2 Daemon Server] - 2025-10-29T22:42:50.334Z - [WATCHER]: 0 file(s) created or restored, 7 file(s) modified, 0 file(s) deleted
[NX v22.0.2 Daemon Server] - 2025-10-29T22:42:50.350Z - [REQUEST]: Responding to the client. handleHashGlob
Time for 'nx/js/dependencies-and-lockfile:createNodes' 21.810799999992014
Time for '@nx/playwright/plugin:createNodes' 49.1308999999892
Time for 'total for sendMessageToDaemon()' 43.544999999998254
Time for 'deserialize daemon response' 0.05039999999280553
[NX v22.0.2 Daemon Server] - 2025-10-29T22:42:50.355Z - [REQUEST]: Responding to the client. handleHashGlob
[NX v22.0.2 Daemon Server] - 2025-10-29T22:42:50.378Z - [REQUEST]: Responding to the client. handleHashMultiGlob
Time for '@nx/jest/plugin:createNodes' 63.442699999999604
Time for 'total for sendMessageToDaemon()' 52.06350000000384
[NX v22.0.2 Daemon Server] - 2025-10-29T22:42:50.383Z - Done responding to the client handleHashGlob
Time for 'deserialize daemon response' 0.06949999999778811
[NX v22.0.2 Daemon Server] - 2025-10-29T22:42:50.383Z - Handled json message HASH_GLOB. Handling time: 12. Response time: 33.
[NX v22.0.2 Daemon Server] - 2025-10-29T22:42:50.395Z - Done responding to the client handleHashGlob
[NX v22.0.2 Daemon Server] - 2025-10-29T22:42:50.395Z - Handled json message HASH_GLOB. Handling time: 1. Response time: 41.
[NX v22.0.2 Daemon Server] - 2025-10-29T22:42:50.395Z - [WATCHER]: Processing file changes in outputs
[NX v22.0.2 Daemon Server] - 2025-10-29T22:42:50.398Z - [WATCHER]: 0 file(s) created or restored, 8 file(s) modified, 0 file(s) deleted
[NX v22.0.2 Daemon Server] - 2025-10-29T22:42:50.401Z - Done responding to the client handleHashMultiGlob
[NX v22.0.2 Daemon Server] - 2025-10-29T22:42:50.401Z - Handled json message HASH_GLOB. Handling time: 3. Response time: 23.
Time for '@nx/next/plugin:createNodes' 108.53259999999136
Time for 'total for sendMessageToDaemon()' 43.188200000004144
Time for 'deserialize daemon response' 0.049299999998766
[NX v22.0.2 Daemon Server] - 2025-10-29T22:42:50.485Z - [REQUEST]: Updated workspace context based on watched changes, recomputing project graph...
[NX v22.0.2 Daemon Server] - 2025-10-29T22:42:50.485Z - [REQUEST]: napoli-pwa/.next/app-build-manifest.json,napoli-pwa/.next/server/middleware-build-manifest.js,napoli-pwa/.next/react-loadable-manifest.json,napoli-pwa/.next/static/development/_ssgManifest.js,napoli-pwa/.next/static/development/_buildManifest.js,napoli-pwa/.next/server/next-font-manifest.json,napoli-pwa/.next/build-manifest.json,napoli-pwa/.next/server/middleware-react-loadable-manifest.js,napoli-pwa/.next/server/next-font-manifest.js,napoli-pwa/.next/static/chunks/polyfills.js,napoli-pwa/.next/server/server-reference-manifest.json,napoli-pwa/.next/server/app-paths-manifest.json,napoli-pwa/.next/types/package.json,napoli-pwa/.next/types/cache-life.d.ts,napoli-pwa/.next/server/server-reference-manifest.js,napoli-pwa/.next/server/pages-manifest.json,napoli-pwa/.next/server/middleware-manifest.json,napoli-pwa/.next/server/interception-route-rewrite-manifest.js,napoli-pwa/.next/trace
[NX v22.0.2 Daemon Server] - 2025-10-29T22:42:50.485Z - [REQUEST]: 
Time for '@nx/js/typescript:createNodes' 19.774700000009034
[NX v22.0.2 Daemon Server] - 2025-10-29T22:42:50.558Z - [WATCHER]: Processing file changes in outputs
[NX v22.0.2 Daemon Server] - 2025-10-29T22:42:50.559Z - [WATCHER]: Processing file changes in outputs
Time for 'nx/core/project-json:createNodes' 1.3006999999925029
Time for 'nx/core/package-json:createNodes' 5.459600000001956
[NX v22.0.2 Daemon Server] - 2025-10-29T22:42:50.562Z - [WATCHER]: 0 file(s) created or restored, 2 file(s) modified, 0 file(s) deleted
[NX v22.0.2 Daemon Server] - 2025-10-29T22:42:50.569Z - [WATCHER]: napoli-pwa/.next/trace was modified
[NX v22.0.2 Daemon Server] - 2025-10-29T22:42:50.578Z - [REQUEST]: Responding to the client. handleHashGlob
Time for 'nx/js/dependencies-and-lockfile:createNodes' 19.72050000001036
Time for '@nx/playwright/plugin:createNodes' 49.85570000000007
Time for 'total for sendMessageToDaemon()' 41.66929999999411
Time for 'deserialize daemon response' 0.07910000000265427
[NX v22.0.2 Daemon Server] - 2025-10-29T22:42:50.591Z - [REQUEST]: Responding to the client. handleHashGlob
Time for 'total for sendMessageToDaemon()' 50.7161000000051
Time for 'deserialize daemon response' 0.06530000000202563
Time for '@nx/next/plugin:createNodes' 72.54640000000654
[NX v22.0.2 Daemon Server] - 2025-10-29T22:42:50.606Z - [REQUEST]: Responding to the client. handleHashMultiGlob
[NX v22.0.2 Daemon Server] - 2025-10-29T22:42:50.606Z - Time taken for 'hash changed files from watcher' 38.358600000006845ms
[NX v22.0.2 Daemon Server] - 2025-10-29T22:42:50.608Z - Done responding to the client handleHashGlob
[NX v22.0.2 Daemon Server] - 2025-10-29T22:42:50.608Z - Handled json message HASH_GLOB. Handling time: 5. Response time: 30.
[33mConvert compiler options from json failed, No inputs were found in config file 'tsconfig.json'. Specified 'include' paths were '["jest.config.ts","src/**/*.test.ts","src/**/*.spec.ts","src/**/*.test.tsx","src/**/*.spec.tsx","src/**/*.test.js","src/**/*.spec.js","src/**/*.test.jsx","src/**/*.spec.jsx","src/**/*.d.ts"]' and 'exclude' paths were '["node_modules","jest.config.ts","**/*.spec.ts","**/*.test.ts","src/**/*.spec.ts","src/**/*.test.ts"]'.[39m
Time for '@nx/jest/plugin:createNodes' 100.04219999999623
Time for 'total for sendMessageToDaemon()' 49.6076999999932
Time for 'deserialize daemon response' 0.06909999999334104
[NX v22.0.2 Daemon Server] - 2025-10-29T22:42:50.751Z - Done responding to the client handleHashGlob
[NX v22.0.2 Daemon Server] - 2025-10-29T22:42:50.752Z - Handled json message HASH_GLOB. Handling time: 8. Response time: 161.
[NX v22.0.2 Daemon Server] - 2025-10-29T22:42:50.755Z - Done responding to the client handleHashMultiGlob
[NX v22.0.2 Daemon Server] - 2025-10-29T22:42:50.756Z - Handled json message HASH_GLOB. Handling time: 12. Response time: 150.
[NX v22.0.2 Daemon Server] - 2025-10-29T22:42:50.818Z - [REQUEST]: Updated workspace context based on watched changes, recomputing project graph...
[NX v22.0.2 Daemon Server] - 2025-10-29T22:42:50.818Z - [REQUEST]: napoli-pwa/.next/app-build-manifest.json,napoli-pwa/.next/server/middleware-build-manifest.js,napoli-pwa/.next/react-loadable-manifest.json,napoli-pwa/.next/static/development/_ssgManifest.js,napoli-pwa/.next/static/development/_buildManifest.js,napoli-pwa/.next/server/next-font-manifest.json,napoli-pwa/.next/build-manifest.json,napoli-pwa/.next/server/middleware-react-loadable-manifest.js,napoli-pwa/.next/server/next-font-manifest.js,napoli-pwa/.next/static/chunks/polyfills.js,napoli-pwa/.next/server/server-reference-manifest.json,napoli-pwa/.next/server/app-paths-manifest.json,napoli-pwa/.next/types/package.json,napoli-pwa/.next/types/cache-life.d.ts,napoli-pwa/.next/server/server-reference-manifest.js,napoli-pwa/.next/server/pages-manifest.json,napoli-pwa/.next/server/middleware-manifest.json,napoli-pwa/.next/server/interception-route-rewrite-manifest.js,napoli-pwa/.next/trace
[NX v22.0.2 Daemon Server] - 2025-10-29T22:42:50.818Z - [REQUEST]: 
Time for '@nx/js/typescript:createNodes' 17.229699999996228
Time for 'nx/core/package-json:createNodes' 7.201600000000326
Time for 'nx/core/project-json:createNodes' 1.4498999999923399
Time for 'nx/js/dependencies-and-lockfile:createNodes' 21.367499999993015
[NX v22.0.2 Daemon Server] - 2025-10-29T22:42:50.911Z - [REQUEST]: Responding to the client. handleHashGlob
Time for '@nx/playwright/plugin:createNodes' 67.49709999999322
Time for 'total for sendMessageToDaemon()' 61.27929999999469
Time for 'deserialize daemon response' 0.08120000000053551
[NX v22.0.2 Daemon Server] - 2025-10-29T22:42:50.919Z - [REQUEST]: Responding to the client. handleHashGlob
Time for '@nx/next/plugin:createNodes' 78.41600000001199
Time for 'total for sendMessageToDaemon()' 64.21479999998701
Time for 'deserialize daemon response' 0.07499999999708962
[NX v22.0.2 Daemon Server] - 2025-10-29T22:42:50.924Z - [REQUEST]: Responding to the client. handleHashMultiGlob
[NX v22.0.2 Daemon Server] - 2025-10-29T22:42:50.925Z - Time taken for 'hash changed files from watcher' 25.692900000009104ms
Time for '@nx/jest/plugin:createNodes' 66.01029999999446
Time for 'total for sendMessageToDaemon()' 54.329100000002654
Time for 'deserialize daemon response' 0.055300000007264316
[NX v22.0.2 Daemon Server] - 2025-10-29T22:42:50.937Z - Done responding to the client handleHashGlob
[NX v22.0.2 Daemon Server] - 2025-10-29T22:42:50.938Z - Handled json message HASH_GLOB. Handling time: 35. Response time: 27.
[NX v22.0.2 Daemon Server] - 2025-10-29T22:42:50.938Z - Done responding to the client handleHashGlob
[NX v22.0.2 Daemon Server] - 2025-10-29T22:42:50.938Z - Handled json message HASH_GLOB. Handling time: 6. Response time: 19.
[NX v22.0.2 Daemon Server] - 2025-10-29T22:42:50.939Z - Done responding to the client handleHashMultiGlob
[NX v22.0.2 Daemon Server] - 2025-10-29T22:42:50.939Z - Handled json message HASH_GLOB. Handling time: 2. Response time: 15.
Time for '@nx/eslint/plugin:createNodes' 4868.531099999993
[NX v22.0.2 Daemon Server] - 2025-10-29T22:42:53.307Z - [REQUEST]: Responding to the client. handleGlob
[NX v22.0.2 Daemon Server] - 2025-10-29T22:42:53.308Z - Time taken for 'build-project-configs' 2378.6359999999986ms
[NX v22.0.2 Daemon Server] - 2025-10-29T22:42:53.310Z - Done responding to the client handleGlob
[NX v22.0.2 Daemon Server] - 2025-10-29T22:42:53.310Z - Handled json message GLOB. Handling time: 4. Response time: 3.
[NX v22.0.2 Daemon Server] - 2025-10-29T22:42:53.310Z - Time taken for '@nx/js/typescript:createDependencies' 64.8576999999932ms
Time for 'total for sendMessageToDaemon()' 148.539300000004
Time for 'deserialize daemon response' 0.1331999999965774
[NX v22.0.2 Daemon Server] - 2025-10-29T22:42:53.350Z - [REQUEST]: Responding to the client. handleGlob
[NX v22.0.2 Daemon Server] - 2025-10-29T22:42:53.351Z - Done responding to the client handleGlob
[NX v22.0.2 Daemon Server] - 2025-10-29T22:42:53.351Z - Handled json message GLOB. Handling time: 32. Response time: 1.
Time for 'total for sendMessageToDaemon()' 38.80040000000736
Time for 'deserialize daemon response' 0.06290000000444707
[NX v22.0.2 Daemon Server] - 2025-10-29T22:42:53.383Z - [REQUEST]: Responding to the client. handleGlob
[NX v22.0.2 Daemon Server] - 2025-10-29T22:42:53.384Z - Done responding to the client handleGlob
[NX v22.0.2 Daemon Server] - 2025-10-29T22:42:53.385Z - Handled json message GLOB. Handling time: 27. Response time: 2.
Time for 'total for sendMessageToDaemon()' 32.549500000008265
Time for 'deserialize daemon response' 0.07839999999850988
[NX v22.0.2 Daemon Server] - 2025-10-29T22:42:53.399Z - [REQUEST]: Responding to the client. handleGlob
[NX v22.0.2 Daemon Server] - 2025-10-29T22:42:53.399Z - Done responding to the client handleGlob
[NX v22.0.2 Daemon Server] - 2025-10-29T22:42:53.399Z - Handled json message GLOB. Handling time: 8. Response time: 1.
Time for 'total for sendMessageToDaemon()' 14.622000000003027
Time for 'deserialize daemon response' 0.06440000000293367
[NX v22.0.2 Daemon Server] - 2025-10-29T22:42:53.454Z - [REQUEST]: Responding to the client. handleGlob
[NX v22.0.2 Daemon Server] - 2025-10-29T22:42:53.456Z - Done responding to the client handleGlob
[NX v22.0.2 Daemon Server] - 2025-10-29T22:42:53.456Z - Handled json message GLOB. Handling time: 45. Response time: 2.
Time for 'total for sendMessageToDaemon()' 54.93529999999737
Time for 'deserialize daemon response' 0.05920000000332948
Time for 'build typescript dependencies' 122.45720000000438
[NX v22.0.2 Daemon Server] - 2025-10-29T22:42:53.502Z - [REQUEST]: Responding to the client. handleHashMultiGlob
Time for 'total for sendMessageToDaemon()' 47.463099999993574
Time for 'deserialize daemon response' 0.05919999998877756
Time for '@nx/eslint/plugin:createNodes' 382.2100000000064
[NX v22.0.2 Daemon Server] - 2025-10-29T22:42:53.574Z - [SYNC]: collect registered sync generators
[NX v22.0.2 Daemon Server] - 2025-10-29T22:42:53.577Z - [SYNC]: project graph hash is the same, not collecting task sync generators
[NX v22.0.2 Daemon Server] - 2025-10-29T22:42:53.577Z - [SYNC]: nx.json hash is the same, not collecting global sync generators
[NX v22.0.2 Daemon Server] - 2025-10-29T22:42:53.577Z - [SYNC]: scheduling: ["@nx/js:typescript-sync"]
[NX v22.0.2 Daemon Server] - 2025-10-29T22:42:53.578Z - Done responding to the client handleHashMultiGlob
[NX v22.0.2 Daemon Server] - 2025-10-29T22:42:53.578Z - Handled json message HASH_GLOB. Handling time: 39. Response time: 76.
[NX v22.0.2 Daemon Server] - 2025-10-29T22:42:53.578Z - Time taken for 'total execution time for createProjectGraph()' 306.60809999999765ms
[NX v22.0.2 Daemon Server] - 2025-10-29T22:42:53.697Z - [REQUEST]: Responding to the client. handleHashMultiGlob
Time for 'total for sendMessageToDaemon()' 192.9887000000017
Time for 'deserialize daemon response' 0.052400000000488944
Time for '@nx/eslint/plugin:createNodes' 607.8161000000109
[NX v22.0.2 Daemon Server] - 2025-10-29T22:42:53.844Z - Time taken for 'build-project-configs' 2860.8714000000036ms
[NX v22.0.2 Daemon Server] - 2025-10-29T22:42:53.845Z - Done responding to the client handleHashMultiGlob
[NX v22.0.2 Daemon Server] - 2025-10-29T22:42:53.846Z - Handled json message HASH_GLOB. Handling time: 116. Response time: 149.
[NX v22.0.2 Daemon Server] - 2025-10-29T22:42:53.929Z - [REQUEST]: Responding to the client. handleHashMultiGlob
Time for 'total for sendMessageToDaemon()' 231.6180000000022
Time for 'deserialize daemon response' 0.09390000000712462
Time for '@nx/eslint/plugin:createNodes' 798.1885000000038
Time for 'build typescript dependencies' 34.837899999998626
[NX v22.0.2 Daemon Server] - 2025-10-29T22:42:54.055Z - Time taken for 'build-project-configs' 3094.003199999992ms
[NX v22.0.2 Daemon Server] - 2025-10-29T22:42:54.056Z - Done responding to the client handleHashMultiGlob
[NX v22.0.2 Daemon Server] - 2025-10-29T22:42:54.056Z - Handled json message HASH_GLOB. Handling time: 80. Response time: 127.
[NX v22.0.2 Daemon Server] - 2025-10-29T22:42:54.086Z - [REQUEST]: Responding to the client. handleHashMultiGlob
Time for 'total for sendMessageToDaemon()' 154.79789999999048
Time for 'deserialize daemon response' 0.07179999999061693
Time for '@nx/eslint/plugin:createNodes' 950.9248999999982
Time for 'build typescript dependencies' 32.44959999999264
[NX v22.0.2 Daemon Server] - 2025-10-29T22:42:54.191Z - [SYNC]: collect registered sync generators
[NX v22.0.2 Daemon Server] - 2025-10-29T22:42:54.194Z - [SYNC]: project graph hash is the same, not collecting task sync generators
[NX v22.0.2 Daemon Server] - 2025-10-29T22:42:54.195Z - [SYNC]: nx.json hash is the same, not collecting global sync generators
[NX v22.0.2 Daemon Server] - 2025-10-29T22:42:54.195Z - [SYNC]: scheduling: ["@nx/js:typescript-sync"]
[NX v22.0.2 Daemon Server] - 2025-10-29T22:42:54.401Z - Time taken for 'build-project-configs' 3356.900800000003ms
[NX v22.0.2 Daemon Server] - 2025-10-29T22:42:54.402Z - [SYNC]: running scheduled generator @nx/js:typescript-sync
[NX v22.0.2 Daemon Server] - 2025-10-29T22:42:54.413Z - Done responding to the client handleHashMultiGlob
[NX v22.0.2 Daemon Server] - 2025-10-29T22:42:54.413Z - Handled json message HASH_GLOB. Handling time: 22. Response time: 327.
[NX v22.0.2 Daemon Server] - 2025-10-29T22:42:54.420Z - [REQUEST]: Responding to the client. handleHashMultiGlob
Time for 'total for sendMessageToDaemon()' 332.6166000000085
Time for 'deserialize daemon response' 0.05250000000523869
Time for '@nx/eslint/plugin:createNodes' 1280.1294000000053
Time for 'build typescript dependencies' 16.668000000005122
Time for 'build typescript dependencies' 28.67489999999816
[NX v22.0.2 Daemon Server] - 2025-10-29T22:42:54.570Z - [SYNC]: collect registered sync generators
[NX v22.0.2 Daemon Server] - 2025-10-29T22:42:54.572Z - [SYNC]: project graph hash is the same, not collecting task sync generators
[NX v22.0.2 Daemon Server] - 2025-10-29T22:42:54.572Z - [SYNC]: nx.json hash is the same, not collecting global sync generators
[NX v22.0.2 Daemon Server] - 2025-10-29T22:42:54.572Z - [SYNC]: scheduling: ["@nx/js:typescript-sync"]
[NX v22.0.2 Daemon Server] - 2025-10-29T22:42:54.622Z - Time taken for 'total execution time for createProjectGraph()' 259.482600000003ms
[NX v22.0.2 Daemon Server] - 2025-10-29T22:42:54.623Z - Done responding to the client handleHashMultiGlob
[NX v22.0.2 Daemon Server] - 2025-10-29T22:42:54.623Z - Handled json message HASH_GLOB. Handling time: 4. Response time: 203.
Time for 'build typescript dependencies' 24.574500000002445
[NX v22.0.2 Daemon Server] - 2025-10-29T22:42:54.865Z - [SYNC]: collect registered sync generators
[NX v22.0.2 Daemon Server] - 2025-10-29T22:42:54.867Z - [SYNC]: project graph hash is the same, not collecting task sync generators
[NX v22.0.2 Daemon Server] - 2025-10-29T22:42:54.867Z - [SYNC]: nx.json hash is the same, not collecting global sync generators
[NX v22.0.2 Daemon Server] - 2025-10-29T22:42:54.867Z - [SYNC]: scheduling: ["@nx/js:typescript-sync"]
[NX v22.0.2 Daemon Server] - 2025-10-29T22:42:54.933Z - Wrote project graph cache to C:\Users\VAIO\apps\aaa-proyectos-propios\___napoli-monorepo\napoli-monorepo\.nx\workspace-data\project-graph.json
[NX v22.0.2 Daemon Server] - 2025-10-29T22:42:54.933Z - [REQUEST]: Responding to the client. project-graph
[NX v22.0.2 Daemon Server] - 2025-10-29T22:42:54.966Z - [SYNC]: collect registered sync generators
[NX v22.0.2 Daemon Server] - 2025-10-29T22:42:54.968Z - [SYNC]: project graph hash is the same, not collecting task sync generators
[NX v22.0.2 Daemon Server] - 2025-10-29T22:42:54.968Z - [SYNC]: nx.json hash is the same, not collecting global sync generators
[NX v22.0.2 Daemon Server] - 2025-10-29T22:42:54.968Z - [SYNC]: scheduling: ["@nx/js:typescript-sync"]
[NX v22.0.2 Daemon Server] - 2025-10-29T22:42:54.970Z - [REQUEST]: Client Request for Project Graph Received
[NX v22.0.2 Daemon Server] - 2025-10-29T22:42:54.972Z - Reusing in-memory cached project graph because no files changed.
[NX v22.0.2 Daemon Server] - 2025-10-29T22:42:54.972Z - Time taken for 'total for creating and serializing project graph' 4702.891199999998ms
[NX v22.0.2 Daemon Server] - 2025-10-29T22:42:54.998Z - Done responding to the client project-graph
[NX v22.0.2 Daemon Server] - 2025-10-29T22:42:54.998Z - Handled json message REQUEST_PROJECT_GRAPH. Handling time: 4703. Response time: 65.
[NX v22.0.2 Daemon Server] - 2025-10-29T22:42:55.033Z - [SYNC]: collect registered sync generators
[NX v22.0.2 Daemon Server] - 2025-10-29T22:42:55.034Z - [SYNC]: project graph hash is the same, not collecting task sync generators
[NX v22.0.2 Daemon Server] - 2025-10-29T22:42:55.035Z - [SYNC]: nx.json hash is the same, not collecting global sync generators
[NX v22.0.2 Daemon Server] - 2025-10-29T22:42:55.035Z - [SYNC]: scheduling: ["@nx/js:typescript-sync"]
[NX v22.0.2 Daemon Server] - 2025-10-29T22:42:55.110Z - Wrote project graph cache to C:\Users\VAIO\apps\aaa-proyectos-propios\___napoli-monorepo\napoli-monorepo\.nx\workspace-data\project-graph.json
[NX v22.0.2 Daemon Server] - 2025-10-29T22:42:55.111Z - [REQUEST]: Responding to the client. project-graph
[NX v22.0.2 Daemon Server] - 2025-10-29T22:42:55.113Z - Time taken for 'total execution time for createProjectGraph()' 343.4618000000046ms
[NX v22.0.2 Daemon Server] - 2025-10-29T22:42:55.192Z - [SYNC]: @nx/js:typescript-sync changes: 
[NX v22.0.2 Daemon Server] - 2025-10-29T22:42:55.192Z - Time taken for 'run-sync-generator:@nx/js:typescript-sync' 789.0552000000025ms
[NX v22.0.2 Daemon Server] - 2025-10-29T22:42:55.194Z - Done responding to the client project-graph
[NX v22.0.2 Daemon Server] - 2025-10-29T22:42:55.195Z - Handled json message REQUEST_PROJECT_GRAPH. Handling time: 141. Response time: 84.
[NX v22.0.2 Daemon Server] - 2025-10-29T22:42:56.184Z - [SYNC]: running scheduled generator @nx/js:typescript-sync
[NX v22.0.2 Daemon Server] - 2025-10-29T22:42:56.194Z - [REQUEST]: Client Request for Project Graph Received
[NX v22.0.2 Daemon Server] - 2025-10-29T22:42:56.195Z - Reusing in-memory cached project graph because no files changed.
[NX v22.0.2 Daemon Server] - 2025-10-29T22:42:56.223Z - Wrote project graph cache to C:\Users\VAIO\apps\aaa-proyectos-propios\___napoli-monorepo\napoli-monorepo\.nx\workspace-data\project-graph.json
[NX v22.0.2 Daemon Server] - 2025-10-29T22:42:56.224Z - [REQUEST]: Responding to the client. project-graph
[NX v22.0.2 Daemon Server] - 2025-10-29T22:42:56.226Z - Time taken for 'total for creating and serializing project graph' 30.335600000005797ms
[NX v22.0.2 Daemon Server] - 2025-10-29T22:42:56.253Z - [SYNC]: @nx/js:typescript-sync changes: 
[NX v22.0.2 Daemon Server] - 2025-10-29T22:42:56.254Z - Time taken for 'run-sync-generator:@nx/js:typescript-sync' 68.3231999999989ms
[NX v22.0.2 Daemon Server] - 2025-10-29T22:42:56.255Z - Done responding to the client project-graph
[NX v22.0.2 Daemon Server] - 2025-10-29T22:42:56.255Z - Handled json message REQUEST_PROJECT_GRAPH. Handling time: 30. Response time: 31.
